01/27/2022 07:57:44 PM [ERROR] Where is Homer's autodestroy buttom
01/27/2022 07:57:45 PM [ERROR] CALL IT, WE ARE IT!!!!
01/27/2022 07:57:46 PM [WARN] It's cold outside
01/27/2022 07:57:47 PM [INFO] The system is up to date
01/27/2022 07:57:48 PM [WARN] Yikes, how we do not have backups?
01/27/2022 07:57:49 PM [ERROR] Layer 8 error
01/27/2022 07:57:50 PM [WARN] Yikes, how we do not have backups?
01/27/2022 07:57:51 PM [INFO] The system is up to date
01/27/2022 07:57:52 PM [WARN] It's cold outside
01/27/2022 07:57:53 PM [ERROR] Where is Homer's autodestroy buttom
01/27/2022 07:57:50 PM [WARN] Yikes, how we do not have backups?
01/27/2022 07:57:44 PM [ERROR] Where is Homer's autodestroy buttom
01/27/2022 07:57:45 PM [ERROR] CALL IT, WE ARE IT!!!!
01/27/2022 07:57:51 PM [INFO] The system is up to date
01/27/2022 07:57:52 PM [WARN] It's cold outside
01/27/2022 07:57:53 PM [ERROR] Where is Homer's autodestroy buttom
01/27/2022 07:57:50 PM [WARN] Yikes, how we do not have backups?
01/27/2022 07:57:44 PM [ERROR] Where is Homer's autodestroy buttom
01/27/2022 07:57:45 PM [ERROR] CALL IT, WE ARE IT!!!!
01/27/2022 07:57:51 PM [INFO] The system is up to date
01/27/2022 07:57:52 PM [WARN] It's cold outside
01/27/2022 07:57:53 PM [ERROR] Where is Homer's autodestroy buttom
01/27/2022 07:57:50 PM [WARN] Yikes, how we do not have backups?
01/27/2022 07:57:44 PM [ERROR] Where is Homer's autodestroy buttom
01/27/2022 07:57:45 PM [ERROR] CALL IT, WE ARE IT!!!!01/27/2022 08:41:53 PM [WARN] It's cold outside
01/27/2022 08:41:54 PM [ERROR] CALL IT, WE ARE IT!!!!
01/27/2022 08:41:55 PM [ERROR] Where is Homer's autodestroy buttom
01/27/2022 08:41:56 PM [WARN] Looks like a human is changing stuff without performing backups
01/27/2022 08:41:57 PM [INFO] There are not pending notifications
01/27/2022 08:41:58 PM [FATAL] Where is your God now?
01/27/2022 08:41:59 PM [ERROR] Something really bad occured
01/27/2022 08:42:00 PM [FATAL] Hold you horses, looks like QA did not catched up this one
01/27/2022 08:42:01 PM [WARN] We are not getting paid enough
01/27/2022 08:42:02 PM [ERROR] CALL IT, WE ARE IT!!!!
01/27/2022 08:42:07 PM [FATAL] Where is your God now?
01/27/2022 08:42:08 PM [ERROR] CALL IT, WE ARE IT!!!!
01/27/2022 08:42:09 PM [ERROR] Layer 8 error
01/27/2022 08:42:10 PM [WARN] We are not getting paid enough
01/27/2022 08:42:11 PM [WARN] We are not getting paid enough
01/27/2022 08:42:12 PM [ERROR] Something really bad occured
01/27/2022 08:42:13 PM [FATAL] Hold you horses, looks like QA did not catched up this one
01/27/2022 08:42:14 PM [INFO] There are not pending notifications
01/27/2022 08:42:15 PM [ERROR] Layer 8 error
01/27/2022 08:42:16 PM [INFO] A new message has arrieved
